Flutter crash report; please file at https://github.com/flutter/flutter/issues.

## command

flutter run

## exception

FormatException: FormatException: Bad UTF-8 encoding 0xe4 (at offset 9)

```
#0      _Utf8Decoder.convert (dart:convert/utf.dart:490)
#1      _Utf8ConversionSink.addSlice (dart:convert/string_conversion.dart:345)
#2      _Utf8ConversionSink.add (dart:convert/string_conversion.dart:341)
#3      _ConverterStreamEventSink.add (dart:convert/chunked_conversion.dart:86)
#4      _SinkTransformerStreamSubscription._handleData (dart:async/stream_transformers.dart:120)
#5      _rootRunUnary (dart:async/zone.dart:1134)
#6      _CustomZone.runUnary (dart:async/zone.dart:1031)
#7      _CustomZone.runUnaryGuarded (dart:async/zone.dart:933)
#8      _BufferingStreamSubscription._sendData (dart:async/stream_impl.dart:330)
#9      _BufferingStreamSubscription._add (dart:async/stream_impl.dart:257)
#10     _StreamController&&_SyncStreamControllerDispatch._sendData (dart:async/stream_controller.dart:763)
#11     _StreamController._add (dart:async/stream_controller.dart:639)
#12     _StreamController.add (dart:async/stream_controller.dart:585)
#13     _Socket._onData (dart:io-patch/socket_patch.dart:1662)
#14     _rootRunUnary (dart:async/zone.dart:1138)
#15     _CustomZone.runUnary (dart:async/zone.dart:1031)
#16     _CustomZone.runUnaryGuarded (dart:async/zone.dart:933)
#17     _BufferingStreamSubscription._sendData (dart:async/stream_impl.dart:330)
#18     _BufferingStreamSubscription._add (dart:async/stream_impl.dart:257)
#19     _StreamController&&_SyncStreamControllerDispatch._sendData (dart:async/stream_controller.dart:763)
#20     _StreamController._add (dart:async/stream_controller.dart:639)
#21     _StreamController.add (dart:async/stream_controller.dart:585)
#22     new _RawSocket.<anonymous closure> (dart:io-patch/socket_patch.dart:1235)
#23     _NativeSocket.issueReadEvent.issue (dart:io-patch/socket_patch.dart:788)
#24     _microtaskLoop (dart:async/schedule_microtask.dart:41)
#25     _startMicrotaskLoop (dart:async/schedule_microtask.dart:50)
#26     _runPendingImmediateCallback (dart:isolate-patch/dart:isolate/isolate_patch.dart:113)
#27     _RawReceivePortImpl._handleMessage (dart:isolate-patch/dart:isolate/isolate_patch.dart:166)
```

## flutter doctor

```
[✓] Flutter (Channel unknown, v0.2.3, on Microsoft Windows [Version 10.0.17134.48], locale zh-CN)
    • Flutter version 0.2.3 at E:\flutter\flutter
    • Framework revision 5a58b36e36 (3 months ago), 2018-03-13 13:20:13 -0700
    • Engine revision e61bb9ac3a
    • Dart version 2.0.0-dev.35.flutter-290c576264

[!] Android toolchain - develop for Android devices (Android SDK 28.0.0-rc1)
    • Android SDK at D:\Android\sdk
    • Android NDK location not configured (optional; useful for native profiling support)
    • Platform android-27, build-tools 28.0.0-rc1
    • Java binary at: E:\Android\Android Studio\jre\bin\java
    • Java version OpenJDK Runtime Environment (build 1.8.0_152-release-915-b01)
    ✗ Android license status unknown.

[✓] Android Studio (version 3.0)
    • Android Studio at E:\Android\Android Studio
    • Java version OpenJDK Runtime Environment (build 1.8.0_152-release-915-b01)

[!] IntelliJ IDEA Ultimate Edition (version 2018.1)
    • IntelliJ at E:\JetBrains\IntelliJ IDEA 2018.1.3
    ✗ Flutter plugin not installed; this adds Flutter specific functionality.
    ✗ Dart plugin not installed; this adds Dart specific functionality.
    • For information about installing plugins, see
      https://flutter.io/intellij-setup/#installing-the-plugins

[✓] Connected devices (1 available)
    • vivo X20A • 9269939 • android-arm64 • Android 7.1.1 (API 25)

! Doctor found issues in 2 categories.
```
